<?xml version="1.0" encoding="UTF-8"?>
<Site BuildName="Linux-g++"
	BuildStamp="20240308-0235-Experimental"
	Name="topcarry-Lenovo-ThinkBook-16p-Gen-2"
	Generator="ctest-3.16.3"
	CompilerName="/usr/bin/g++"
	CompilerVersion="9.4.0"
	OSName="Linux"
	Hostname="topcarry-Lenovo-ThinkBook-16p-Gen-2"
	OSRelease="5.15.0-97-generic"
	OSVersion="#107~20.04.1-Ubuntu SMP Fri Feb 9 14:20:11 UTC 2024"
	OSPlatform="x86_64"
	Is64Bits="1"
	VendorString="AuthenticAMD"
	VendorID="Advanced Micro Devices"
	FamilyID="25"
	ModelID="80"
	ProcessorCacheSize="512"
	NumberOfLogicalCPU="16"
	NumberOfPhysicalCPU="8"
	TotalVirtualMemory="2047"
	TotalPhysicalMemory="15344"
	LogicalProcessorsPerPhysical="2"
	ProcessorClockFrequency="3334.67"
	>
	<Testing>
		<StartDateTime>Mar 08 10:35 CST</StartDateTime>
		<StartTestTime>1709865302</StartTestTime>
		<TestList/>
		<EndDateTime>Mar 08 10:35 CST</EndDateTime>
		<EndTestTime>1709865302</EndTestTime>
		<ElapsedMinutes>0</ElapsedMinutes>
	</Testing>
</Site>
